<?xml version="1.0" encoding="UTF-8"?>
<!-- Generated by org.testng.reporters.JUnitReportReporter -->
<testsuite hostname="Rajithas-MBP" failures="0" tests="3" name="CarRentalServiceTest" time="0.107" errors="0" timestamp="28 Jan 2019 06:37:08 GMT" skipped="0">
  <testcase classname="CarRentalServiceTest" name="printsBlueTeslasWithnotes" time="0.004"/>
  <testcase classname="CarRentalServiceTest" name="getCarsWithLowestRentalCost" time="0.095"/>
  <testcase classname="CarRentalServiceTest" name="getHighestRevenueGeneratingCars" time="0.008"/>
</testsuite> <!-- CarRentalServiceTest -->
